mode: set
my.com/cs5400/minrkt/parser.go:11.33,12.47 1 1
my.com/cs5400/minrkt/parser.go:17.2,19.16 2 1
my.com/cs5400/minrkt/parser.go:23.2,23.27 1 1
my.com/cs5400/minrkt/parser.go:27.2,28.14 2 1
my.com/cs5400/minrkt/parser.go:12.47,15.3 2 0
my.com/cs5400/minrkt/parser.go:19.16,22.3 2 1
my.com/cs5400/minrkt/parser.go:23.27,26.3 2 0
my.com/cs5400/minrkt/parser.go:45.49,47.2 1 1
my.com/cs5400/minrkt/parser.go:49.51,50.43 1 1
my.com/cs5400/minrkt/parser.go:53.2,53.29 1 1
my.com/cs5400/minrkt/parser.go:56.2,58.54 3 1
my.com/cs5400/minrkt/parser.go:234.2,234.17 1 1
my.com/cs5400/minrkt/parser.go:50.43,52.3 1 0
my.com/cs5400/minrkt/parser.go:53.29,55.3 1 0
my.com/cs5400/minrkt/parser.go:58.54,59.27 1 1
my.com/cs5400/minrkt/parser.go:62.3,62.29 1 1
my.com/cs5400/minrkt/parser.go:59.27,61.4 1 0
my.com/cs5400/minrkt/parser.go:62.29,64.4 1 1
my.com/cs5400/minrkt/parser.go:64.9,66.4 1 1
my.com/cs5400/minrkt/parser.go:67.8,67.36 1 1
my.com/cs5400/minrkt/parser.go:67.36,68.27 1 1
my.com/cs5400/minrkt/parser.go:71.3,71.27 1 1
my.com/cs5400/minrkt/parser.go:74.3,74.26 1 1
my.com/cs5400/minrkt/parser.go:77.3,79.32 3 1
my.com/cs5400/minrkt/parser.go:82.3,82.52 1 1
my.com/cs5400/minrkt/parser.go:86.3,86.45 1 0
my.com/cs5400/minrkt/parser.go:68.27,70.4 1 0
my.com/cs5400/minrkt/parser.go:71.27,73.4 1 0
my.com/cs5400/minrkt/parser.go:74.26,76.4 1 0
my.com/cs5400/minrkt/parser.go:79.32,81.4 1 0
my.com/cs5400/minrkt/parser.go:82.52,85.4 1 1
my.com/cs5400/minrkt/parser.go:87.8,87.115 1 1
my.com/cs5400/minrkt/parser.go:87.115,88.27 1 1
my.com/cs5400/minrkt/parser.go:91.3,93.44 3 1
my.com/cs5400/minrkt/parser.go:96.3,98.46 3 1
my.com/cs5400/minrkt/parser.go:101.3,101.30 1 1
my.com/cs5400/minrkt/parser.go:114.3,114.45 1 0
my.com/cs5400/minrkt/parser.go:88.27,90.4 1 0
my.com/cs5400/minrkt/parser.go:93.44,95.4 1 1
my.com/cs5400/minrkt/parser.go:98.46,100.4 1 0
my.com/cs5400/minrkt/parser.go:101.30,104.4 1 1
my.com/cs5400/minrkt/parser.go:104.9,104.36 1 1
my.com/cs5400/minrkt/parser.go:104.36,107.4 1 1
my.com/cs5400/minrkt/parser.go:107.9,107.37 1 1
my.com/cs5400/minrkt/parser.go:107.37,110.4 1 0
my.com/cs5400/minrkt/parser.go:110.9,110.36 1 1
my.com/cs5400/minrkt/parser.go:110.36,113.4 1 1
my.com/cs5400/minrkt/parser.go:115.8,115.64 1 1
my.com/cs5400/minrkt/parser.go:115.64,116.27 1 1
my.com/cs5400/minrkt/parser.go:119.3,121.41 3 1
my.com/cs5400/minrkt/parser.go:124.3,124.47 1 1
my.com/cs5400/minrkt/parser.go:133.3,135.43 3 1
my.com/cs5400/minrkt/parser.go:138.3,138.31 1 1
my.com/cs5400/minrkt/parser.go:143.3,143.45 1 0
my.com/cs5400/minrkt/parser.go:116.27,118.4 1 0
my.com/cs5400/minrkt/parser.go:121.41,123.4 1 0
my.com/cs5400/minrkt/parser.go:124.47,125.31 1 1
my.com/cs5400/minrkt/parser.go:125.31,127.5 1 1
my.com/cs5400/minrkt/parser.go:128.9,129.32 1 1
my.com/cs5400/minrkt/parser.go:129.32,131.5 1 1
my.com/cs5400/minrkt/parser.go:135.43,137.4 1 1
my.com/cs5400/minrkt/parser.go:138.31,140.4 1 1
my.com/cs5400/minrkt/parser.go:140.9,140.37 1 1
my.com/cs5400/minrkt/parser.go:140.37,142.4 1 1
my.com/cs5400/minrkt/parser.go:144.8,144.37 1 1
my.com/cs5400/minrkt/parser.go:144.37,145.27 1 1
my.com/cs5400/minrkt/parser.go:148.3,150.41 3 1
my.com/cs5400/minrkt/parser.go:153.3,153.56 1 1
my.com/cs5400/minrkt/parser.go:145.27,147.4 1 0
my.com/cs5400/minrkt/parser.go:150.41,152.4 1 0
my.com/cs5400/minrkt/parser.go:154.8,154.36 1 1
my.com/cs5400/minrkt/parser.go:154.36,155.27 1 1
my.com/cs5400/minrkt/parser.go:158.3,160.41 3 1
my.com/cs5400/minrkt/parser.go:163.3,163.47 1 1
my.com/cs5400/minrkt/parser.go:155.27,157.4 1 0
my.com/cs5400/minrkt/parser.go:160.41,162.4 1 0
my.com/cs5400/minrkt/parser.go:163.47,165.4 1 1
my.com/cs5400/minrkt/parser.go:165.9,167.4 1 1
my.com/cs5400/minrkt/parser.go:168.8,168.32 1 1
my.com/cs5400/minrkt/parser.go:168.32,169.32 1 1
my.com/cs5400/minrkt/parser.go:169.32,171.18 2 1
my.com/cs5400/minrkt/parser.go:174.4,174.58 1 1
my.com/cs5400/minrkt/parser.go:177.4,177.12 1 1
my.com/cs5400/minrkt/parser.go:171.18,173.5 1 0
my.com/cs5400/minrkt/parser.go:174.58,176.5 1 1
my.com/cs5400/minrkt/parser.go:179.8,179.32 1 1
my.com/cs5400/minrkt/parser.go:179.32,180.32 1 1
my.com/cs5400/minrkt/parser.go:180.32,182.18 2 1
my.com/cs5400/minrkt/parser.go:185.4,185.58 1 1
my.com/cs5400/minrkt/parser.go:190.4,190.16 1 1
my.com/cs5400/minrkt/parser.go:194.4,194.12 1 1
my.com/cs5400/minrkt/parser.go:182.18,184.5 1 0
my.com/cs5400/minrkt/parser.go:185.58,187.5 1 1
my.com/cs5400/minrkt/parser.go:190.16,192.13 2 1
my.com/cs5400/minrkt/parser.go:196.8,196.32 1 1
my.com/cs5400/minrkt/parser.go:196.32,197.32 1 1
my.com/cs5400/minrkt/parser.go:197.32,199.18 2 1
my.com/cs5400/minrkt/parser.go:202.4,202.58 1 1
my.com/cs5400/minrkt/parser.go:207.4,207.16 1 1
my.com/cs5400/minrkt/parser.go:211.4,211.12 1 1
my.com/cs5400/minrkt/parser.go:199.18,201.5 1 0
my.com/cs5400/minrkt/parser.go:202.58,204.5 1 1
my.com/cs5400/minrkt/parser.go:207.16,209.13 2 1
my.com/cs5400/minrkt/parser.go:213.8,213.32 1 1
my.com/cs5400/minrkt/parser.go:213.32,214.32 1 1
my.com/cs5400/minrkt/parser.go:214.32,216.18 2 1
my.com/cs5400/minrkt/parser.go:219.4,219.58 1 1
my.com/cs5400/minrkt/parser.go:224.4,224.16 1 1
my.com/cs5400/minrkt/parser.go:228.4,228.14 1 1
my.com/cs5400/minrkt/parser.go:231.4,231.12 1 1
my.com/cs5400/minrkt/parser.go:216.18,218.5 1 0
my.com/cs5400/minrkt/parser.go:219.58,221.5 1 1
my.com/cs5400/minrkt/parser.go:224.16,226.13 2 1
my.com/cs5400/minrkt/parser.go:228.14,230.5 1 1
my.com/cs5400/minrkt/parser.go:240.39,242.2 1 1
my.com/cs5400/minrkt/parser.go:244.41,246.31 2 1
my.com/cs5400/minrkt/parser.go:249.2,250.12 2 1
my.com/cs5400/minrkt/parser.go:246.31,248.3 1 1
my.com/cs5400/minrkt/parser.go:257.77,258.22 1 1
my.com/cs5400/minrkt/parser.go:261.2,261.56 1 1
my.com/cs5400/minrkt/parser.go:269.2,269.23 1 1
my.com/cs5400/minrkt/parser.go:310.2,310.51 1 0
my.com/cs5400/minrkt/parser.go:258.22,260.3 1 0
my.com/cs5400/minrkt/parser.go:261.56,263.3 1 0
my.com/cs5400/minrkt/parser.go:263.8,263.66 1 1
my.com/cs5400/minrkt/parser.go:263.66,265.3 1 1
my.com/cs5400/minrkt/parser.go:265.8,265.66 1 1
my.com/cs5400/minrkt/parser.go:265.66,267.3 1 1
my.com/cs5400/minrkt/parser.go:269.23,270.40 1 1
my.com/cs5400/minrkt/parser.go:270.40,271.24 1 1
my.com/cs5400/minrkt/parser.go:271.24,273.13 2 1
my.com/cs5400/minrkt/parser.go:274.10,276.19 2 1
my.com/cs5400/minrkt/parser.go:279.5,280.25 2 1
my.com/cs5400/minrkt/parser.go:276.19,278.6 1 0
my.com/cs5400/minrkt/parser.go:282.9,282.44 1 1
my.com/cs5400/minrkt/parser.go:282.44,283.30 1 1
my.com/cs5400/minrkt/parser.go:283.30,285.5 1 0
my.com/cs5400/minrkt/parser.go:285.10,285.31 1 1
my.com/cs5400/minrkt/parser.go:285.31,287.5 1 0
my.com/cs5400/minrkt/parser.go:287.10,290.13 3 1
my.com/cs5400/minrkt/parser.go:292.9,292.47 1 1
my.com/cs5400/minrkt/parser.go:292.47,293.24 1 1
my.com/cs5400/minrkt/parser.go:293.24,296.13 3 1
my.com/cs5400/minrkt/parser.go:297.10,298.31 1 1
my.com/cs5400/minrkt/parser.go:298.31,301.14 3 1
my.com/cs5400/minrkt/parser.go:302.11,304.6 1 1
my.com/cs5400/minrkt/parser.go:306.9,306.47 1 1
my.com/cs5400/minrkt/parser.go:306.47,308.4 1 1
my.com/cs5400/minrkt/parser.go:313.43,315.27 2 1
my.com/cs5400/minrkt/parser.go:322.2,322.25 1 1
my.com/cs5400/minrkt/parser.go:325.2,325.12 1 1
my.com/cs5400/minrkt/parser.go:315.27,316.32 1 1
my.com/cs5400/minrkt/parser.go:316.32,318.4 1 1
my.com/cs5400/minrkt/parser.go:318.9,318.39 1 1
my.com/cs5400/minrkt/parser.go:318.39,320.4 1 1
my.com/cs5400/minrkt/parser.go:322.25,324.3 1 0
my.com/cs5400/minrkt/tokenizer.go:74.56,75.16 1 1
my.com/cs5400/minrkt/tokenizer.go:75.16,77.17 2 1
my.com/cs5400/minrkt/tokenizer.go:80.3,80.69 1 1
my.com/cs5400/minrkt/tokenizer.go:77.17,79.4 1 0
my.com/cs5400/minrkt/tokenizer.go:81.8,83.3 1 1
my.com/cs5400/minrkt/tokenizer.go:89.46,92.6 3 1
my.com/cs5400/minrkt/tokenizer.go:92.6,94.17 2 1
my.com/cs5400/minrkt/tokenizer.go:97.3,97.33 1 1
my.com/cs5400/minrkt/tokenizer.go:100.3,100.29 1 1
my.com/cs5400/minrkt/tokenizer.go:104.3,104.27 1 1
my.com/cs5400/minrkt/tokenizer.go:94.17,96.4 1 1
my.com/cs5400/minrkt/tokenizer.go:97.33,99.4 1 1
my.com/cs5400/minrkt/tokenizer.go:100.29,103.4 2 1
my.com/cs5400/minrkt/tokenizer.go:111.57,115.36 4 1
my.com/cs5400/minrkt/tokenizer.go:122.2,123.42 2 1
my.com/cs5400/minrkt/tokenizer.go:129.2,130.16 2 1
my.com/cs5400/minrkt/tokenizer.go:133.2,133.42 1 1
my.com/cs5400/minrkt/tokenizer.go:136.2,136.39 1 1
my.com/cs5400/minrkt/tokenizer.go:115.36,116.17 1 1
my.com/cs5400/minrkt/tokenizer.go:116.17,119.4 2 1
my.com/cs5400/minrkt/tokenizer.go:123.42,125.3 1 1
my.com/cs5400/minrkt/tokenizer.go:125.8,127.3 1 1
my.com/cs5400/minrkt/tokenizer.go:130.16,132.3 1 0
my.com/cs5400/minrkt/tokenizer.go:133.42,135.3 1 1
my.com/cs5400/minrkt/tokenizer.go:163.39,165.2 1 1
my.com/cs5400/minrkt/evaluator.go:8.46,10.16 2 1
my.com/cs5400/minrkt/evaluator.go:14.2,14.55 1 1
my.com/cs5400/minrkt/evaluator.go:18.2,18.52 1 1
my.com/cs5400/minrkt/evaluator.go:27.2,27.17 1 1
my.com/cs5400/minrkt/evaluator.go:10.16,13.3 2 1
my.com/cs5400/minrkt/evaluator.go:14.55,17.3 2 1
my.com/cs5400/minrkt/evaluator.go:18.52,20.18 2 1
my.com/cs5400/minrkt/evaluator.go:20.18,22.4 1 1
my.com/cs5400/minrkt/evaluator.go:22.9,24.4 1 1
